[    0.000000] Initializing cgroup subss cpuset
[    0.0000] Initializing cgroup subsys cpu
[    0.000000] Initializing cgroup subyscpuact
    0.0000] Linux version 4.4.0-83-generic (buildd@lgw01-29) (gcc versio 5.4 201069 (Uunu 5.40-6ubuntu1~16.04.4) ) #106-Ubuntu SMP Mon Jun 26 17:54:43 UTC 2017 (Ubuntu 4.4.0-83.106-generic 4.4.70)
[   .00000]Coman lne BOOT_IAG=/boot/vmlinuz-4.4.0-83-generic root=LABEL=cludmgootfs ro console=tty1 console=ttyS0
    0.0000] KENEL sportecpus
[   0.00000]  Intl enuinentel
[  0.000000]   AMD AuthentcAD
[    0.000000]   Centaur CentaurHauls
[    0.000000] x86/fpu: xstate_offset[2]:  576, xstate_sizes[2]:  256
[    0.000000] x86/fpu: Supporting XSAVE feature 0x01: 'x87 floating point registers'
[    0.000000] x86/fpu: Supporting XSAVE feature 0x02: 'SSE registers'
[    0.000000] x86/fpu: Supporting XSAVE feature 0x04: 'AVX registers'
[    0.000000] x86/fpu: Enabled xstate features 0x7, context size is 832 bytes, using 'standard' format.
[    0.000000] x86/fpu: Using 'lazy' FPU context switches.
[    0.000000] e820: BIOS-provided physical RAM map:
[    0.00000] BIOS-e820: [mem 0x00000000000000-0x000000000009fbff] usable
[    0.000000] BIOS-e820: [mem 0x000000000009fc00-0x000000000009ffff] reserved
[    0.000000] BIOS-e820: mem 0x00000000000f0000-0x000000000fffff] reserved
[    0.000000] BIOS-e820: [mem 0x0000000000100000-0x000000001ffeffff] usable
[    0.000000] BIOS-e820: [mem 0x000000001fff0000-0x00000001fffff] AI dat
    0.000000] BIOS-e820: [mem 0x0000000ffc0000x0000000ffffff]rerved
[    0.000000] NX (Execute Disable) protection: active
[    0.000000] SMBIOS 2.5 present.
[    0.000000] Hypervisr detected: KVM
[    0.000000] e820: last_pfn = 0x1fff0 max_arch_pfn = 0x400000000
[    0.000000] MTRR: Disabled
[    0.000000] x86/PAT: MTRRs disabled, skipping PAT initialization too.
[    0.000000] x86/PAT: Configuration [0-7]: WB  WT  UC- UC  WB  WT  UC- UC  
[    0.000000] CPU MTRRs all blank - virtualized system.
[    0.000000] found SMP MP-table at [mem 0x0009fff0-0x0009ffff] mapped at [ffff88000009fff0]
[    0.000000] Scanning 1 areas for low memory corruption
[    0.000000] RAMDISK: [mem 0x1ecc6000-0x1f757fff]
[    0.000000] ACPI Eary able checkssumverifictionisabled
[    0.000000] ACPI: RSDP 0x00000000000E0000 000024 (v02 VBOX  )
[    0.000000] ACPI: XSDT 0x000000001FFF0030 00003C (v01 VBOX   VBOXXSDT 00000001 ASL  00000061)
[    0.000000] ACPI: FACP 0x000000001FFF00F0 0000F4 (v04 VBOX   VBOXFACP 00000001 ASL  00000061)
[    0.000000] ACPI: DSDT 0x000000001FFF0470 001CEB (v01 VBOX   VBOXBIOS 00000002 INTL 20100528)
[    0.000000] ACPI: FACS 0x000000001FFF0200 000040
[    0.000000] ACPI: FACS 0x000000001FFF0200 000040
[    0.000000] ACPI: APIC 0x000000001FFF0240 00005C (v02 VBOX   VBOXAPIC 00000001 ASL  00000061)
[    0.000000] ACPI: SSDT 0x000000001FFF02A0 0001CC (v01 VBOX   VBOXCPUT 00000002 INTL 20100528)
[    0.000000] No NUMA configuration found
[    0.000000] Faking a node at [mem 0x0000000000000000-0x000000001ffeffff]
[    0.000000] NODE_DATA(0) allocated [mem 0x1ffeb000-0x1ffeffff]
[    0.000000] kvm-clock: Using mrs4b6401 and 4b564d00
[    0.000000] kvm-clock: cpu 0, msr 0:1ffe3001, primary cpu clock
[    0.000000] kvm-clock: using sched offset of 6807823101 cycles
[    0.000000] locksource: kvm-clock: mask: 0xffffffffffffffff max_cycles: 0x1cd42e4dffb, max_idle_ns: 881590591483 ns
[    0.000000] Zone ranges:
[    0.000000]   DMA      [mem 0x0000000000001000-0x0000000000ffffff]
[    0.000000]   DMA32    [mem 0x0000000001000000-0x000000001ffeffff]
[    0.000000]   Normal   empty
[    0.000000]   Device   empty
[    0.000000] Movable zone start for each node
[    0.000000] Early memory node ranges
[    0.000000]   node   0: [mem 0x0000000000001000-0x000000000009efff]
[    0.000000]   node   0: [mem 0x0000000000100000-0x000000001ffeffff]
[    0.000000] Initmem setup node 0 [mem 0x0000000000001000-0x000000001ffeffff]
[    0.000000] ACPI: PM-Timer IO Port: 0x4008
[    0.000000] IOAPIC[0]: apic_id 2, version 17, address 0xfec00000, GSI 0-23
[    0.000000] ACPI: INT_SRC_OVR (bus 0 bus_irq 0 global_irq 2 dfl dfl)
[    0.000000] ACPI: INT_SRC_OVR (bus 0 bus_irq 9 global_irq 9 high level)
[    0.000000] Using ACPI (MADT) for SMP configuration information
[    0.000000] smpboot: Allowing 2 CPUs, 0 hotplug CPUs
[   0.00000] PM: Regiteed nave mmoy:[mm 0x00000000-0x00000fff]
[    0.000000] PM: Registered nosave memory:[mm 0x009f00-0x09fff][    0.000000] PM: Registered nosave memory: [mem 0x000a0000-0x000effff]
[    0.000000] PM: Registered nosave memory: [mem 0x000f0000-0x000fffff]
[    0.000000] e820: [mem 0x20000000-0xfffbffff] availablle for PCI devices
[    0.000000] Booting paravirtualized kernel on KVM
[    0.000000] clocksource: refined-jiffies: mask: 0xffffffff max_cycles: 0xffffffff, max_idle_ns: 7645519600211568 ns
[    0.000000] setup_percpu: NR_CPUS:512 nr_cpumask_bits:512 nr_cpu_ids:2 nr_node_ids:1
[    0.000000] PERCPU: Embedded 33 pages/cpu @ffff88001fc00000 s98264 r8192 d28712 u1048576
[    0.000000] PV qspinlock hash table entries: 256 (order: 0, 4096 bytes)
[    0.000000] Built 1 zonelists in Node order, mobility grouping on.  Total pages: 128889
[    0.000000] Policy zne: DMA32
[    0.000000] Kernel command line: BOOT_IMAGE=/boot/vmlinuz-4.4.0-83-generic root=LABEL=cloudimg-rootfs ro console=tty1 console=ttyS0
[    0.000000] PID hash table entries: 2048 (order: 2, 16384 bytes)
[    0.000000] Memory: 485672K/523832K available (8469K kernel code, 1294K rwdata, 3984K rodata, 1488K init, 1316K bss, 38160K reserved, 0K cma-reserved)
[    0.00000] SLUB: HWalign=64, Order=0-3, MinObjects=0, CPUs=2, Nodes=
[    0.000000] Hierarchical RCU implementation.
[    0.000000] 	Build-time adjustment of leaf fanot to 64.
[    0.000000] 	RCU restricting CPUs from NR_CPUS=512 to nr_cpu_ids=2.
[    0.000000] RU: Adjusting geometry for rcu_fanout_leaf=64, nr_cpu_ids=2
[    0.000000] NR_IRQS:33024 nr_irqs:440 16
[    0.000000] Console: colour VGA+ 80x25
[    0.000000] console [tty1] enabled
[    0.000000] console [ttyS0] enabled
[    0.000000] tsc: Detected 1844.144 MHz processor
[    4.220985] Calibrating delay loop (skipped) preset value.. 3688.28 BogoMIPS (lpj=7376576)
[    4.272639] pid_max: default: 32768 minimum: 301
[    4.274412] ACPI: Core revision 20150930
[    4.278195] ACPI: 2 ACPI AML tables successfully acquired and loaded
[    4.308051] Security Framework initialized
[    4.320934] Yama: becoming mindful.
[    4.353107] AppArmor: AppArmor initialized
[    4.354736] Dentry cache hash table entries: 65536 (order: 7, 524288 bytes)
[    4.363520] Inode-cache hash table entries: 32768 (order: 6, 262144 bytes)
[    4.377593] Mount-cache hash table entries: 1024 (order: 1, 8192 bytes)
[    4.409917] Mountpoint-cache hash table entries: 1024 (order: 1, 8192 bytes)
[    4.425673] Initializing cgroup subsys io
[    4.431320] Initializing cgroup subsys memory
[    4.443295] Initializing cgroup subsys devices
[    4.452001] Initializing cgroup subsys freezer
[    4.453590] Initializing cgroup subsys net_cls
[    4.455125] Initializing cgroup subsys perf_event
[    4.456755] Initializing cgroup subsys net_prio
[    4.458676] Initializing cgroup subsys hugetlb
[    4.460302] Initializing cgroup subsys pids
[    4.465274] CPU: Physical Processor ID: 0
[    4.475264] CPU: Processor Core ID: 0
[    4.486962] mce: CPU supports 0 MCE banks
[    4.497515] Last level iTLB entries: 4KB 512, 2MB 8, 4MB 8
[    4.499293] Last level dTLB entries: 4KB 512, 2MB 32, 4MB 32, 1GB 0
[    4.505121] Freeing SMP alternatives memory: 32K (ffffffff820b9000 - ffffffff820c1000)
[    4.527002] ftrace: allocating 32129 entries in 126 pages
[    4.617714] smpboot: APIC(0) Converting physical 0 to logical package 0
[    4.623486] smpboot: Max logical packages: 1
[    4.628137] ..TIMER: vector=0x30 apic1=0 pin1=2 apic2=-1 pin2=-1
[    4.734472] smpboot: CPU0: Intel(R) Core(TM) i3-3217U CPU @ 1.80GHz (family: 0x6, model: 0x3a, stepping: 0x9)
[    4.742880] Performance Events: unsupported p6 CPU model 58 no PMU driver, software events only.
[    4.760356] KVM setup paravirtual spinlock
[    4.769496] x86: Booting SMP configuration:
[    4.771063] .... node  #0, CPUs:      #1
[    4.789398] kvm-clock: cpu 1, msr 0:1ffe3041, secondary cpu clock
[    4.851067] mce: CPU supports 0 MCE banks
[    4.854326] x86: Booted up 1 node, 2 CPUs
[    4.876937] smpboot: Total of 2 processors activated (7376.57 BogoMIPS)
[    4.880078] devtmpfs: initialized
[    4.894788] evm: security.selinux
[    4.896628] evm: security.SMACK64
[    4.905971] evm: security.SMACK64EXEC
[    4.912631] evm: security.SMACK64TRANSMUTE
[    4.917514] evm: security.SMACK64MMAP
[    4.938096] evm: security.ima
[    4.953082] evm: security.capability
[    4.955262] clocksource: jiffies: mask: 0xffffffff max_cycles: 0xffffffff, max_idle_ns: 7645041785100000 ns
[    4.964814] futex hash table entries: 512 (order: 3, 32768 bytes)
[    4.967429] pinctrl core: initialized pinctrl subsystem
[    4.988049] RTC time: 16:52:38, date: 08/07/17
[    4.990036] NET: Registered protocol family 16
[    5.001848] cpuidle: using governor ladder
[    5.022669] cpuidle: using governor menu
[    5.044513] PCCT header not found.
[    5.046066] ACPI: bus type PCI registered
[    5.047625] acpiphp: ACPI Hot Plug PCI Controller Driver version: 0.5
[    5.059892] PCI: Using configuration type 1 for base access
[    5.098495] ACPI: Added _OSI(Module Device)
[    5.124187] ACPI: Added _OSI(Processor Device)
[    5.126447] ACPI: Added _OSI(3.0 _SCP Extensions)
[    5.179859] ACPI: Added _OSI(Processor Aggregator Device)
[    5.183548] ACPI: Executed 1 blocks of module-level executable AML code
[    5.193394] ACPI: Interpreter enabled
[    5.195271] ACPI: (supports S0 S5)
[    5.197813] ACPI: Using IOAPIC for interrupt routing
[    5.200430] PCI: Using host bridge windows from ACPI; if necessary, use "pci=nocrs" and report a bug
[    5.209153] ACPI: PCI Root Bridge [PCI0] (domain 0000 [bus 00-ff])
[    5.219739] acpi PNP0A03:00: _OSC: OS supports [ASPM ClockPM Segments MSI]
[    5.242160] acpi PNP0A03:00: _OSC failed (AE_NOT_FOUND); disabling ASPM
[    5.273682] acpi PNP0A03:00: fail to add MMCONFIG information, can't access extended PCI configuration space under this bridge.
[    5.288907] PCI host bridge to bus 0000:00
[    5.290412] pci_bus 0000:00: root bus resource [io  0x0000-0x0cf7 window]
[    5.292500] pci_bus 0000:00: root bus resource [io  0x0d00-0xffff window]
[    5.308023] pci_bus 0000:00: root bus resource [mem 0x000a0000-0x000bffff window]
[    5.317001] pci_bus 0000:00: root bus resource [mem 0x20000000-0xffdfffff window]
[    5.324551] pci_bus 0000:00: root bus resource [bus 00-ff]
[    5.341331] pci 0000:00:01.1: legacy IDE quirk: reg 0x10: [io  0x01f0-0x01f7]
[    5.357265] pci 0000:00:01.1: legacy IDE quirk: reg 0x14: [io  0x03f6]
[    5.375309] pci 0000:00:01.1: legacy IDE quirk: reg 0x18: [io  0x0170-0x0177]
[    5.389602] pci 0000:00:01.1: legacy IDE quirk: reg 0x1c: [io  0x0376]
[    5.472050] ACPI: PCI Interrupt Link [LNKA] (IRQs 5 9 10 11) *0, disabled.
[    5.497343] ACPI: PCI Interrupt Link [LNKB] (IRQs 5 9 10 *11)
[    5.513802] ACPI: PCI Interrupt Link [LNKC] (IRQs 5 9 *10 11)
[    5.536453] ACPI: PCI Interrupt Link [LNKD] (IRQs 5 *9 10 11)
[    5.563051] ACPI: Enabled 2 GPEs in block 00 to 07
[    5.568003] vgaarb: setting as boot device: PCI:0000:00:02.0
[    5.581781] vgaarb: device added: PCI:0000:00:02.0,decodes=io+mem,owns=io+mem,locks=none
[    5.609605] vgaarb: loaded
[    5.617601] vgaarb: bridge control possible 0000:00:02.0
[    5.623784] SCSI subsystem initialized
[    5.634955] ACPI: bus type USB registered
[    5.636582] usbcore: registered new interface driver usbfs
[    5.638380] usbcore: registered new interface driver hub
[    5.640551] usbcore: registered new device driver usb
[    5.654824] PCI: Using ACPI for IRQ routing
[    5.662711] NetLabel: Initializing
[    5.676918] NetLabel:  domain hash size = 128
[    5.682204] NetLabel:  protocols = UNLABELED CIPSOv4
[    5.694387] NetLabel:  unlabeled traffic allowed by default
[    5.697481] amd_nb: Cannot enumerate AMD northbridges
[    5.699889] clocksource: Switched to clocksource kvm-clock
[    5.718254] AppArmor: AppArmor Filesystem Enabled
[    5.728691] pnp: PnP ACPI init
[    5.731137] pnp: PnP ACP: un3 vies
[   6.048912] clocksource: acpi_pm: mask: 0xffffff max_cycles: 0xffffff, max_idle_ns: 2085701024 ns
[    60962 N: gitered protocol family 2

[    6.424] P stblshed hash table entries: 4096 (order: 3, 32768 bytes)

[    6.728200] TCP bind hash table entries: 4096 (order: 4, 65536 bytes)
[    6.739634] TCP: Hash tables configured (established 4096 bind 4096)
[   6.742021] UDP hash table entries: 256 (order: 1, 8192 bytes)
[    6.782579] UDP-Lite hash table entries: 256 (order: 1, 8192 bytes)
[   6.785873] NET: Registered protocol family 1
[    6.826430] pci 0000:00:00.0: Limiting direct PCI/PCI transfers
[    6.829100] pci 0000:00:01.0: Activating ISA DMA hang workarounds
[    6.832556] Unpacking initramfs...

[    9.979119] Freeing initrd memory: 10824K (ffff88001ecc6000 - ffff88001f758000)
[   9838RAL U ette AI unit is 2^-32 Joules, 3 fixd ouers 10737418240 ms ovfl timer
[   10.718348] hw unit of domain pp0-core 2^-0 Joules
[   10.720243] hw unit of domain package 2^-0 Joules

[   10.721898] hw unit of domain pp1-gpu 2^-0 Joules
[   10.724519] platform rtc_cmos: registered platform RTC device (no PNP device found)
[   10.313]Scanning for low memory coruion ve 6send

[   11.327511] audit: initializing netlink subsys (disabled)
[   11.346365] audit: type=2000 audit(1502124768.678:1): initialized
[   11.349298] Initialise system trusted keyring
[   11.358728] HugeTLB registered 2 MB page size, pre-allocated 0 pages
[   11.364689] zbud: loaded
[   11.372660] VFS: Disk quotas dquot_6.6.0
[   11.374704] VFS: Dquot-cache hash table entries: 512 (order 0, 4096 bytes)
[   11.392983] squashfs: version 4.0 (2009/01/31) Phillip Lougher
[   11.425819] fuse init (API version 7.23)
[   11.443254] Key type big_key registered
[   11.455469] Allotig IMA MOK and blacklist keyrings.

[   11.579783] Key type asymmetric registered
[   11.597511] Asymmetric key parser 'x509' registered
[   11.604105] Block layer SCSI generic (bsg) driver version 0.4 loaded (major 249)
[   11.620143] io scheduler noop registered
[   11.622056] io scheduler deadline registered (default)
[   11.625297] io scheduler cfq registered
[   11.632581] pci_hotplug: PCI Hot Plug PCI Core version: 0.5
[   11.635008] pciehp: PCI Express Hot Plug Controller Driver version: 0.4
[   11.637674] ACPI: AC Adapter [AC] (on-line)
[   11.640841] input: Power Button as /devices/LNXSYSTM:00/LNXPWRBN:00/input/input0
[   11.674632] ACPI: Power Button [PWRF]
[   11.680750] input: Sleep Button as /devices/LNXSYSTM:00/LNXSLPBN:00/input/input1
[   11.687222] ACPI: Sleep Button [SLPF]
[   11.717110] GHES: HEST is not enabled!
[   11.719208] ACPI: Battery Slot [BAT0] (battery present)
[   11.719329] Serial: 8250/16550 driver, 32 ports, IRQ sharing enabled
[   11.792318] 00:02: ttyS0 at I/O 0x3f8 (irq = 4, base_baud = 115200) is a 16550A
[   11.797938] clocksource: tsc: mask: 0xffffffffffffffff max_cycles: 0x352a1e67912, max_idle_ns: 881590761303 ns
[   11.801394] Linux agpgart interface v0.103
[   11.841040] loop: module loaded
[   11.841976] scsi host0: ata_piix
[   11.842103] scsi host1: ata_piix
[   11.842154] ata1: PATA max UDMA/33 cmd 0x1f0 ctl 0x3f6 bmdma 0xd000 irq 14
[   11.842155] ata2: PATA max UDMA/33 cmd 0x170 ctl 0x376 bmdma 0xd008 irq 15
[   11.842271] libphy: Fixed MDIO Bus: probed
[   11.842275] tun: Universal TUN/TAP device driver, 1.6
[   11.842275] tun: (C) 1999-2004 Max Krasnyansky <maxk@qualcomm.com>
[   11.842364] PPP generic driver version 2.4.2
[   11.842456] ehci_hcd: USB 2.0 'Enhanced' Host Controller (EHCI) Driver
[   11.842463] ehci-pci: EHCI PCI platform driver
[   11.842488] ehci-platform: EHCI generic platform driver
[   11.842501] ohci_hcd: USB 1.1 'Open' Host Controller (OHCI) Driver
[   11.842507] ohci-pci: OHCI PCI platform driver
[   11.842522] ohci-platform: OHCI generic platform driver
[   11.842535] uhci_hcd: USB Universal Host Controller Interface driver
[   11.842624] i8042: PNP: PS/2 Controller [PNP0303:PS2K,PNP0f03:PS2M] at 0x60,0x64 irq 1,12
[   11.843526] serio: i8042 KBD port at 0x60,0x64 irq 1
[   11.843539] serio: i8042 AUX port at 0x60,0x64 irq 12
[   11.843773] mousedev: PS/2 mouse device common for all mice
[   11.844667] input: AT Translated Set 2 keyboard as /devices/platform/i8042/serio0/input/input2
[   11.845353] rtc_cmos rtc_cmos: rtc core: registered rtc_cmos as rtc0
[   11.845490] rtc_cmos rtc_cmos: alarms up to one day, 114 bytes nvram
[   11.845508] i2c /dev entries driver
[   11.845643] device-mapper: uevent: version 1.0.3
[   11.845815] device-mapper: ioctl: 4.34.0-ioctl (2015-10-28) initialised: dm-devel@redhat.com
[   11.845855] ledtrig-cpu: registered to indicate activity on CPUs
[   11.846344] NET: Registered protocol family 10
[   11.846689] NET: Registered protocol family 17
[   11.846708] Key type dns_resolver registered
[   11.847096] microcode: CPU0 sig=0x306a9, pf=0x2, revision=0x19
[   11.852529] microcode: CPU1 sig=0x306a9, pf=0x2, revision=0x19
[   11.852761] microcode: Microcode Update Driver: v2.01 <tigran@aivazian.fsnet.co.uk>, Peter Oruba
[   11.853204] registered taskstats version 1
[   11.853232] Loading compiled-in X.509 certificates
[   11.854940] Loaded X.509 cert 'Build time autogenerated kernel key: 35105354eb779045e4d9ad793dead39d5ee93f76'
[   11.855029] zswap: loaded using pool lzo/zbud
[   11.878033] Key type trusted registered
[   11.884996] Key type encrypted registered
[   11.885009] AppArmor: AppArmor sha1 policy hashing enabled
[   11.885015] ima: No TPM chip found, activating TPM-bypass!
[   11.885057] evm: HMAC attrs: 0x1
[   11.885777]   Magic number: 13:573:893
[   11.895489] rtc_cmos rtc_cmos: setting system clock to 2017-08-07 16:52:46 UTC (1502124766)
[   11.895733] BIOS EDD facility v0.16 2004-Jun-25, 0 devices found
[   11.895734] EDD information not available.
[   12.191603] Freeing unused kernel memory: 1488K (ffffffff81f45000 - ffffffff820b9000)
[   12.195730] Write protecting the kernel read-only data: 14336k
[   12.198986] Freeing unused kernel memory: 1760K (ffff880001848000 - ffff880001a00000)
[   12.207954] Freeing unused kernel memory: 112K (ffff880001de4000 - ffff880001e00000)
Loading, please wait...
starting version 229
[   12.234088] random: systemd-udevd: uninitialized urandom read (16 bytes read, 2 bits of entropy available)
[   12.236244] random: udevadm: uninitialized urandom read (16 bytes read, 2 bits of entropy available)
[   12.236305] random: udevadm: uninitialized urandom read (16 bytes read, 2 bits of entropy available)
[   12.236541] random: udevadm: uninitialized urandom read (16 bytes read, 2 bits of entropy available)
[   12.236619] random: udevadm: uninitialized urandom read (16 bytes read, 2 bits of entropy available)
[   12.236697] random: udevadm: uninitialized urandom read (16 bytes read, 2 bits of entropy available)
[   12.236771] random: udevadm: uninitialized urandom read (16 bytes read, 2 bits of entropy available)
[   12.236914] random: udevadm: uninitialized urandom read (16 bytes read, 2 bits of entropy available)
[   12.236990] random: udevadm: uninitialized urandom read (16 bytes read, 2 bits of entropy available)
[   12.237067] random: udevadm: uninitialized urandom read (16 bytes read, 2 bits of entropy available)
[   12.394865] e1000: Intel(R) PRO/1000 Network Driver - version 7.3.21-k8-NAPI
[   12.410005] e1000: Copyright (c) 1999-2006 Intel Corporation.
[   12.421748] Fusion MPT base driver 3.04.20
[   12.426430] Copyright (c) 1999-2008 LSI Corporation
[   12.462545] Fusion MPT SPI Host driver 3.04.20
[   12.478019] mptbase: ioc0: Initiating bringup
[   12.544588] ioc0: LSI53C1030 A0: Capabilities={Initiator}
[   12.696279] input: ImExPS/2 Generic Explorer Mouse as /devices/platform/i8042/serio1/input/input4
[   12.747602] scsi host2: ioc0: LSI53C1030 A0, FwRev=00000000h, Ports=1, MaxQ=256, IRQ=20
[   12.866809] scsi 2:0:0:0: Direct-Access     VBOX     HARDDISK         1.0  PQ: 0 ANSI: 5
[   12.916729] scsi target2:0:0: Beginning Domain Validation
[   12.978027] scsi target2:0:0: Domain Validation skipping write tests
[   12.987677] scsi target2:0:0: Ending Domain Validation
[   12.991915] scsi target2:0:0: asynchronous
[   12.998438] scsi 2:0:1:0: Direct-Access     VBOX     HARDDISK         1.0  PQ: 0 ANSI: 5
[   13.006929] scsi target2:0:1: Beginning Domain Validation
[   13.029321] scsi target2:0:1: Domain Validation skipping write tests
[   13.038251] scsi target2:0:1: Ending Domain Validation
[   13.043484] scsi target2:0:1: asynchronous
[   13.085987] sd 2:0:0:0: Attached scsi generic sg0 type 0
[   13.096967] sd 2:0:0:0: [sda] 20971520 512-byte logical blocks: (10.7 GB/10.0 GiB)
[   13.108338] sd 2:0:1:0: Attached scsi generic sg1 type 0
[   13.147537] sd 2:0:1:0: [sdb] 20480 512-byte logical blocks: (10.5 MB/10.0 MiB)
[   13.153628] sd 2:0:1:0: [sdb] Write Protect is off
[   13.169232] sd 2:0:0:0: [sda] Write Protect is off
[   13.177600] sd 2:0:1:0: [sdb] Incomplete mode parameter data
[   13.181297] sd 2:0:1:0: [sdb] Assuming drive cache: write through
[   13.208065] sd 2:0:0:0: [sda] Incomplete mode parameter data
[   13.213310] sd 2:0:0:0: [sda] Assuming drive cache: write through
[   13.271265]  sda: sda1
[   13.276494] sd 2:0:0:0: [sda] Attached SCSI disk
[   13.282141] sd 2:0:1:0: [sdb] Attached SCSI disk
[   13.421463] e1000 0000:00:03.0 eth0: (PCI:33MHz:32-bit) 02:fe:ea:33:6c:e6
[   13.430624] e1000 0000:00:03.0 eth0: Intel(R) PRO/1000 Network Connection
[   13.935223] e1000 0000:00:08.0 eth1: (PCI:33MHz:32-bit) 08:00:27:3c:24:db
[   13.941206] e1000 0000:00:08.0 eth1: Intel(R) PRO/1000 Network Connection
[   13.959365] e1000 0000:00:03.0 enp0s3: renamed from eth0
[   13.976468] e1000 0000:00:08.0 enp0s8: renamed from eth1
[   15.412806] floppy0: no floppy controllers found
Begin: Loading essential drivers ... [   17.172925] md: linear personality registered for level -1
[   17.189963] md: multipath personality registered for level -4
[   17.208344] md: raid0 personality registered for level 0
[   17.221438] md: raid1 personality registered for level 1
[   17.308326] raid6: sse2x1   gen()  4389 MB/s
[   17.408180] raid6: sse2x1   xor()  3600 MB/s
[   17.484162] raid6: sse2x2   gen()  5660 MB/s
[   17.552314] raid6: sse2x2   xor()  3999 MB/s
[   17.620053] raid6: sse2x4   gen()  5911 MB/s
[   17.713023] raid6: sse2x4   xor()  4881 MB/s
[   17.727521] raid6: using algorithm sse2x4 gen() 5911 MB/s
[   17.729440] raid6: .... xor() 4881 MB/s, rmw enabled
[   17.731678] raid6: using ssse3x2 recovery algorithm
[   17.737745] xor: automatically using best checksumming function:
[   17.812375]    avx       :  9563.000 MB/sec
[   17.828967] async_tx: api initialized (async)
[   17.899674] md: raid6 personality registered for level 6
[   17.901985] md: raid5 personality registered for level 5
[   17.910939] md: raid4 personality registered for level 4
[   17.961461] md: raid10 personality registered for level 10
done.
Begin: Running /scripts/init-premount ... done.
Begin: Mounting root file system ... Begin: Running /scripts/local-top ... done.
Begin: Running /scripts/local-premount ... [   18.036753] Btrfs loaded
Scanning for Btrfs filesystems
done.
Warning: fsck not present, so skipping root file system
[   18.357713] EXT4-fs (sda1): mounted filesystem with ordered data mode. Opts: (null)
done.
Begin: Running /scripts/local-bottom ... done.
Begin: Running /scripts/init-bottom ... done.
[   19.399708] random: nonblocking pool is initialized
[   19.510099] systemd[1]: systemd 229 running in system mode. (+PAM +AUDIT +SELINUX +IMA +APPARMOR +SMACK +SYSVINIT +UTMP +LIBCRYPTSETUP +GCRYPT +GNUTLS +ACL +XZ -LZ4 +SECCOMP +BLKID +ELFUTILS +KMOD -IDN)
[   19.544743] systemd[1]: Detected virtualization oracle.
[   19.547316] systemd[1]: Detected architecture x86-64.

Welcome to [1mUbuntu 16.04.2 LTS[0m!

[   19.716274] systemd[]: Set hostnmeo <ubuntu>.
[ 1928654] systemd[1]: Initializing machine ID from random generator.
[  0.72062] systemd[1]: Installed transient /et/machine-id file.

[ 214510] ystemd[1]: Setuputou Arbitrary Executable File Formats File System Automount Point.

[[0;32m  OK  [0m] Set up automount Arbitrary Executab...ats File System Automount Point.
[   226038] systemd[1]: Lsting on udev Control Socket.
[[0;32m  OK  [0m] Listening on udev Control Socket.
[   22.897169] systemd[1]: Listening on Sysog Socket.
[[0;32m  OK  [0m] Listening on Syslog Socket.
[ 2397517] systemd[1]: Created slice User and Session Slice.
[[0;32m  OK  [0m] Created slice User and Session Slice.
[ 23.796362] systemd[1]: Reached target Swap.
[[0;32m  OK  [0m] Reached target Swap.
[   24.468629] systemd[1]: Started Forward Password Requests to Wall Directory Watch.
[[0;32m  OK  [0m] Started Forward Password Requests to Wall Directory Watch.
[   24.518740] systemd[1]: Reached target Encrypted Volumes.
[[0;32m  OK  [0m] Reached target Encrypted Volumes.
[   24.545020] systemd[1]: Listening on /dev/initctl Compatibility Named Pipe.
[[0;32m  OK  [0m] Listening on /dev/initctl Compatibility Named Pipe.
[  2.57937] systemd[1]: Listening on Journal Socket.
[[0;32m  OK  [0m] Listening on Journal Socket.
[   27685]systemd[1]: Listening on Journal Socket (/dev/log).
[[0;32m  OK  [0m] Listening on Journal Socket (/dev/log).
[   25.333633] systemd[1]: Listening on LVM2 poll daemon socket.
[[0;32m  OK  [0m] Listening on LVM2 poll daemon socket.
[ 25357544] systemd[1]: Created slice System Slice.
[[0;32m  OK  [0m] Created slice System Slice.
[   25.569405] systemd[1]: Starting Uncomplicated firewall...
         Starting Uncomplicated firewall...
[   25.632820] systemd[1]: Starting Set console keymap...
         Starting Set console keymap...
[   25.733008] systemd[1]: Starting Nameserver information manager...
         Starting Nameserver information manager...
[   25.738858] systemd[1]: Reached target Slices.
[[0;32m  OK  [0m] Reached target Slices.
[   25.744250] systemd[1]: Starting Create list of required static device nodes for the current kernel...
         Starting Create list of required st... nodes for the current kernel...
[   25.762072] systemd[1]: Mounting Debug File System...
         Mounting Debug File System...
[   25.860343] systemd[1]: Starting Load Kernel Modules...
         Starting Load Kernel Modules...
[   25.869183] systemd[1]: Mounting POSIX Message Queue File System...
         Mounting POSIX Message Queue File System...
[   25.889248] systemd[1]: Mounting Huge Pages File System...
         Mounting Huge Pages File System...
[   25.925273] systemd[1]: Started Trigger resolvconf update for networkd DNS.
[[0;32m  OK  [0m] Started Trigger resolvconf update for networkd DNS.
[   25.953499] systemd[1]: Listening on Device-mapper event daemon FIFOs.
[[0;32m  OK  [0m] Listening on Device-mapper event daemon FIFOs.
[   25.979528] Loading iSCSI transport class v2.0-870.
[   25.988972] systemd[1]: Listening on LVM2 metadata daemon socket.
[[0;32m  OK  [0m] Listening on LVM2 metadata daemon socket.
[   26.032965] systemd[1]: Starting Monitoring of LVM2 mirrors, snapshots etc. using dmeventd or progress polling...
         Starting Monitoring of LVM2 mirrors... dmeventd or progress poll[   26.050608] iscsi: registered transport (tcp)
ing...
[   26.070969] systemd[1]: Created slice system-serial\x2dgetty.slice.
[[0;32m  OK  [0m] Created slice system-serial\x2dgetty.slice.
[   26.085640] systemd[1]: Reached target User and Group Name Lookups.
[[0;32m  OK  [0m] Reached target User and Group Name Lookups.
[   26.112470] systemd[1]: Starting Remount Root and Kernel File Systems...
         Starting Remount Root and Kernel File Systems...
[   26.141152] systemd[1]: Listening on Journal Audit Socket.
[[0;32m  OK  [0m] Listening on Journal Audit Socket.
[   26.161540] EXT4-fs (sda1): re-mounted. Opts: (null)
[   26.180719] systemd[1]: Starting Journal Service...
         Starting Journal Service...
[   26.210527] systemd[1]: Listening on udev Kernel Socket.
[[0;32m  OK  [0m] Listening on udev Kernel Socket.
[   26.228733] systemd[1]: Mounted Debug File System.
[[0;32m  OK  [0m] Mounted Debug File System.
[   26.248845] systemd[1]: Mounted Huge Pages File System.
[[0;32m  OK  [0m] Mounted Huge Pages File System.
[   26.265517] systemd[1]: Mounted POSIX Message Queue File System.
[[0;32m  OK  [0m] Mounted POSIX Message Queue File System.
[   26.297550] systemd[1]: Started Uncomplicated firewall.
[[0;32m  OK  [0m] Started Uncomplicated firewall.
[   26.311730] systemd[1]: Started Set console keymap.
[[0;32m  OK  [0m] Started Set console keymap.
[   26.384386] iscsi: registered transport (iser)
[   26.426411] systemd[1]: Started Create list of required static device nodes for the current kernel.
[[0;32m  OK  [0m] Started Create list of required sta...ce nodes for the current kernel.
[   26.467162] systemd[1]: Started Load Kernel Modules.
[[0;32m  OK  [0m] Started Load Kernel Modules.
[   26.483487] systemd[1]: Started Remount Root and Kernel File Systems.
[[0;32m  OK  [0m] Started Remount Root and Kernel File Systems.
[   26.537085] systemd[1]: Started Nameserver information manager.
[[0;32m  OK  [0m] Started Nameserver information manager.
[   26.558945] systemd[1]: Started Journal Service.
[[0;32m  OK  [0m] Started Journal Service.
[[0;32m  OK  [0m] Started LVM2 metadata daemon.
         Starting Flush Journal to Persistent Storage...
         Starting Initial cloud-init job (pre-networking)...
         Starting Load/Save Random Seed...
         Starting udev Coldplug all Devices...
         Starting Apply Kernel Variables...
         Mounting FUSE Control File System...
         Starting Create Static Device Nodes in /dev...
[[0;32m  OK  [0m] Mounted FUSE Control File System.
[[0;32m  OK  [0m] Started Load/Save Random Seed.
[   27.120700] systemd-journald[387]: Received request to flush runtime journal from PID 1
[[0;32m  OK  [0m] Started udev Coldplug all Devices.
[[0;32m  OK  [0m] Started Flush Journal to Persistent Storage.
[[0;32m  OK  [0m] Started Apply Kernel Variables.
[[0;32m  OK  [0m] Started Monitoring of LVM2 mirrors,...ng dmeventd or progress polling.
[[0;32m  OK  [0m] Started Create Static Device Nodes in /dev.
         Starting udev Kernel Device Manager...
[[0;32m  OK  [0m] Started udev Kernel Device Manager.
[[0;32m  OK  [0m] Reached target Local File Systems (Pre).
[[0;32m  OK  [0m] Reached target Local File Systems.
         Starting Create Volatile Files and Directories...
         Starting Set console font and keymap...
         Starting LSB: AppArmor initialization...
         Starting Commit a transient machine-id on disk...
         Starting Tell Plymouth To Write Out Runtime Data...
[[0;32m  OK  [0m] Started Dispatch Password Requests to Console Directory Watch.
[[0;32m  OK  [0m] Started Commit a transient machine-id on disk.
[[0;32m  OK  [0m] Started Create Volatile Files and Directories.
         Starting Update UTMP about System Boot/Shutdown...
[[0;32m  OK  [0m] Reached target System Time Synchronized.
[[0;32m  OK  [0m] Started Tell Plymouth To Write Out Runtime Data.
[[0;32m  OK  [0m] Started Update UTMP about System Boot/Shutdown.
[[0;32m  OK  [0m] Found device /dev/ttyS0.
[[0;32m  OK  [0m] Started Set console font and keymap.
[[0;32m  OK  [0m] Created slice system-getty.slice.
[[0;32m  OK  [0m] Listening on Load/Save RF Kill Switch Status /dev/rfkill Watch.
[[0;32m  OK  [0m] Started LSB: AppArmor initialization.
[   33.478558] cloud-init[420]: Cloud-init v. 0.7.9 running 'init-local' at Mon, 07 Aug 2017 16:53:12 +0000. Up 32.45 seconds.
[[0;32m  OK  [0m] Started Initial cloud-init job (pre-networking).
[[0;32m  OK  [0m] Reached target Network (Pre).
         Starting Raise network interfaces...
[[0;32m  OK  [0m] Started Raise network interfaces.
[[0;32m  OK  [0m] Reached target Network.
         Starting Initial cloud-init job (metadata service crawler)...
[   37.447854] cloud-init[929]: Cloud-init v. 0.7.9 running 'init' at Mon, 07 Aug 2017 16:53:14 +0000. Up 34.67 seconds.
[   37.473268] cloud-init[929]: ci-info: ++++++++++++++++++++++++++++++++++++++Net device info++++++++++++++++++++++++++++++++++++++
[   37.486216] cloud-init[929]: ci-info: +--------+-------+----------------------------+---------------+-------+-------------------+
[   37.524646] cloud-init[929]: ci-info: | Device |   Up  |          Address           |      Mask     | Scope |     Hw-Address    |
[   37.573929] [cloud-init[0;32m  OK  [0m[929]: ] ci-info: +--------+-------+----------------------------+---------------+-------+-------------------+Started Initial cloud-init job (metadata service crawler).

[   37.574552] cloud-init[929]: ci-info: | enp0s8 | False |             .              |       .       |   .   | 08:00:27:3c:24:db |
[[   37.592375] [0;32m  OK  [0mcloud-init] [929]: Reached target System Initialization.ci-info: |   lo   |  True |         127.0.0.1          |   255.0.0.0   |   .   |         .         |

[   37.689642] [cloud-init[0;32m  OK  [0m[929]: ] ci-info: |   lo   |  True |          ::1/128           |       .       |  host |         .         |Listening on D-Bus System Message Bus Socket.

[   37.690420] cloud-init[929]: ci-info: | enp0s3 |  True |         10.0.2.15          | 255.255.255.0 |   .   | 02:fe:ea:33:6c:e6 |
[   37.717920]          cloud-initStarting Socket activation for snappy daemon.[929]: 
ci-info: | enp0s3 |  True | fe80::fe:eaff:fe33:6ce6/64 |       .       |  link | 02:fe:ea:33:6c:e6 |
[   37.760685] [cloud-init[0;32m  OK  [0m[929]: ] ci-info: +--------+-------+----------------------------+---------------+-------+-------------------+Started Daily apt activities.

[[   37.761413] [0;32m  OK  [0mcloud-init] [929]: Listening on UUID daemon activation socket.ci-info: +++++++++++++++++++++++++++Route IPv4 info++++++++++++++++++++++++++++

[[   37.779900] [0;32m  OK  [0m] Started ACPI Events Check.
cloud-init[929]: ci-info: +-------+-------------+----------+---------------+-----------+-------+
[[0;32m  OK  [0m[   37.836557] ] cloud-initReached target Paths.[929]: 
ci-info: | Route | Destination | Gateway  |    Genmask    | Interface | Flags |
[   37.838974] [cloud-init[0;32m  OK  [0m[929]: ] ci-info: +-------+-------------+----------+---------------+-----------+-------+Listening on ACPID Listen Socket.

[   37.870262] [cloud-init[0;32m  OK  [0m[929]: ] ci-info: |   0   |   0.0.0.0   | 10.0.2.2 |    0.0.0.0    |   enp0s3  |   UG  |Started Timer to automatically refresh installed snaps.

[   37.889392] cloud-init[929]: ci-info: |   1   |   10.0.2.0  | 0.0.0.0  | 255.255.255.0 |   enp0s3  |   U   |
[   37.929137] cloud-init[929]: ci-info: +-------+-------------+----------+---------------+-----------+-------+
[   37.929992] cloud-init[929]: Generating public/private rsa key pair.
         Starting LXD - unix socket.
[[0;32m  OK  [0m[   37.930255] ] cloud-initStarted Daily Cleanup of Temporary Directories.[929]: 
Your identification has been saved in /etc/ssh/ssh_host_rsa_key.
[   37.964730] [cloud-init[0;32m  OK  [0m[929]: ] Your public key has been saved in /etc/ssh/ssh_host_rsa_key.pub.Reached target Timers.

[   37.985390] [cloud-init[0;32m  OK  [0m[929]: ] The key fingerprint is:Reached target Cloud-config availability.

[   37.985962] [cloud-init[0;32m  OK  [0m[929]: ] SHA256:AxDteL1Z1vJL2M0QJPYyOMcJnYmRd1gVWN71SMO8gQQ root@ubuntu-xenialReached target Network is Online.

         [   38.058121] Starting iSCSI initiator daemon (iscsid)...cloud-init
[929]: The key's randomart image is:
[   38.084803] cloud-init[929]: +---[RSA 2048]----+
[   38.088184] cloud-init[929]: |    oo  o=EO+B*..|
[[0;32m  OK  [0m] Listening on Socket activation for snappy daemon.
[[0;32m  OK  [0m] Listening on LXD - unix socket.
[   38.102804] cloud-init[929]: |     .. o=*+=o++o|
[   38.137281] cloud-init[929]: |     o..o.*o..ooo|
[   38.166149] cloud-init[929]: |    . o..o+oo .  |
[   38.197093] cloud-init[929]: |     .  S= = +   |
[   38.217730] cloud-init[929]: |        o.. + o  |
[   38.254289] cloud-init[929]: |           . .   |
[[0;32m  OK  [0m] Reached target Sockets.
[[0;32m  OK  [0m] Reached target Basic System.
[   38.292397] cloud-init[929]: |            .    |
[   38.321774] cloud-init[929]: |                 |
[   38.329464] [cloud-init[0;32m  OK  [0m[929]: ] +----[SHA256]-----+Started Deferred execution scheduler.

[   38.330852] cloud-init[929]: Generating public/private dsa key pair.
[   38.400218] cloud-init[929]: Your identification has been saved in /etc/ssh/ssh_host_dsa_key.
[   38.420506] cloud-init[929]: Your public key has been saved in /etc/ssh/ssh_host_dsa_key.pub.
[[0;32m  OK  [0m] Started FUSE filesystem for LXC.
[   38.440706] cloud-init[929]: The key fingerprint is:
[   38.483195]          Starting /etc/rc.local Compatibility...
cloud-init[929]: SHA256:P+CBWGUKpiFX4QLnrL4h3V77CrKvoezcOk2QrhbUEzg root@ubuntu-xenial
[   38.576869]          cloud-initStarting Pollinate to seed the pseudo random number generator...[929]: 
The key's randomart image is:
[   38.581903] cloud-init[929]: +---[DSA 1024]----+
[   38.591297]          Starting Login Service...
[[0;32m  OK  [0m] Started D-Bus System Message Bus.
cloud-init[929]: |o =.=.  o        |
[   38.598483] cloud-init[929]: | E * . +         |
[   38.601755] cloud-init[929]: |  O o o          |
[   38.606493] cloud-init[929]: | = + o .         |
[   38.610124] cloud-init[929]: |+ . o . S        |
[   38.613447] cloud-init[929]: |.+ o   . +       |
[   38.617822] cloud-init[929]: |ooB o . . o      |
[   38.621922] cloud-init[929]: |=++* o .   .     |
[   38.625187] cloud-init[929]: |+*=+o oo.        |
[   38.628635] cloud-init[929]: +----[SHA256]-----+
[   38.634434] cloud-init[929]: Generating public/private ecdsa key pair.
[   38.638943] cloud-init[929]: Your identification has been saved in /etc/ssh/ssh_host_ecdsa_key.
[   38.649801] cloud-init[929]: Your public key has been saved in /etc/ssh/ssh_host_ecdsa_key.pub.
[   38.654434] cloud-init[929]: The key fingerprint is:
[   38.664344] cloud-init[929]: SHA256:CBgcgXP+l9QsdyNTEdZwRe23SqZG0InW0SqXFfIc9KI root@ubuntu-xenial
[   38.672630] cloud-init[929]: The key's randomart image is:
[   38.679088] cloud-init[929]: +---[ECDSA 256]---+
[   38.685702] cloud-init[929]: | o+o      =*+*+. |
[   38.689221] cloud-init[929]: |o oo     ..o=oo .|
[   38.721596] cloud-init[929]: | +. .  o .+ *+ o |
[   38.726583] cloud-init[929]: |  .  .o.*=oB. . o|
[   38.730534] cloud-init[929]: |   . ..+S++E    o|
[   38.736559] cloud-init[929]: |    . o    . o . |
[   38.749248] cloud-init[929]: |     .    . + .  |
[   38.753903] cloud-init[929]: |           o .   |
[   38.777758] cloud-init[929]: |          .      |
[   38.782739] cloud-init[929]: +----[SHA256]-----+
[   38.789610] cloud-init[929]: Generating public/private ed25519 key pair.
[   38.797378] cloud-init[929]: Your identification has been saved in /etc/ssh/ssh_host_ed25519_key.
[   38.835270] cloud-init[929]: Your public key has been saved in /etc/ssh/ssh_host_ed25519_key.pub.
[   38.843638] cloud-init[929]: The key fingerprint is:
[   38.876970] cloud-init[929]: SHA256:gJlZ8R8eeZgVU3M/Ej+kh1pKd4JYx2BuJ7+kgUJunQw root@ubuntu-xenial
[   38.912457] cloud-init[929]: The key's randomart image is:
[   38.920186] cloud-init[929]: +--[ED25519 256]--+
[   38.922952] cloud-init[929]: |      o.   +*=o..|
[   38.927368] cloud-init[929]: |     * .  ==oo*o.|
[   38.931966] cloud-init[929]: |    = .E..**.O *.|
[   38.968410] cloud-init[929]: |      o.+o=+O = o|
[   38.972526] cloud-init[929]: |       +S=o+ o   |
[   38.976847] cloud-init[929]: |      . .   + .  |
[   38.982345] cloud-init[929]: |           . .   |
[   38.985391] cloud-init[929]: |                 |
[   38.990083] cloud-init[929]: |                 |
[   38.995091] cloud-init[929]: +----[SHA256]-----+
         Starting LSB: MD monitoring daemon...
         Starting LXD - container startup/shutdown...
[[0;32m  OK  [0m] Started Unattended Upgrades Shutdown.
         Starting System Logging Service...
[[0;32m  OK  [0m] Started Regular background program processing daemon.
         Starting LSB: Record successful boot for GRUB...
         Starting Accounts Service...
[[0;32m  OK  [0m] Started ACPI event daemon.
         Starting Apply the settings specified in cloud-config...
[[0;32m  OK  [0m] Started Snappy daemon.
         Starting Auto import assertions from block devices...
[[0;32m  OK  [0m] Started iSCSI initiator daemon (iscsid).
[[0;32m  OK  [0m] Started /etc/rc.local Compatibility.
[[0;32m  OK  [0m] Started Auto import assertions from block devices.
         Starting Login to default iSCSI targets...
[[0;32m  OK  [0m] Started Login Service.
[[0;32m  OK  [0m] Started LSB: Record successful boot for GRUB.
[[0;32m  OK  [0m] Started LSB: MD monitoring daemon.
[[0;32m  OK  [0m] Started Login to default iSCSI targets.
[[0;32m  OK  [0m] Reached target Remote File Systems (Pre).
[[0;32m  OK  [0m] Reached target Remote File Systems.
         Starting LSB: VirtualBox Linux Additions...
         Starting LSB: daemon to balance interrupts for SMP systems...
         Starting LSB: automatic crash report generation...
         Starting LSB: Set the CPU Frequency Scaling governor to "ondemand"...
         Starting Permit User Sessions...
[[0;32m  OK  [0m] Started LSB: Set the CPU Frequency Scaling governor to "ondemand".
[[0;32m  OK  [0m] Started System Logging Service.
[[0;32m  OK  [0m] Started Permit User Sessions.
         Starting Hold until boot process finishes up...
         Starting Terminate Plymouth Boot Screen...
[[0;32m  OK  [0m] Started Hold until boot process finishes up.
[[0;32m  OK  [0m] Started Terminate Plymouth Boot Screen.
         Starting Set console scheme...
[[0;32m  OK  [0m] Started Serial Getty on ttyS0.
[[0;32m  OK  [0m] Started Getty on tty1.
[[0;32m  OK  [0m] Reached target Login Prompts.
[[0;32m  OK  [0m] Started LSB: daemon to balance interrupts for SMP systems.
[[0;32m  OK  [0m] Started Set console scheme.
[[0;32m  OK  [0m] Started LSB: automatic crash report generation.
[   43.341138] cloud-init[1097]: Generating locales (this might take a while)...
         Starting Authenticate and Authorize Users to Run Privileged Tasks...
[[0;32m  OK  [0m] Started LSB: VirtualBox Linux Additions.
[[0;32m  OK  [0m] Started Authenticate and Authorize Users to Run Privileged Tasks.
[[0;32m  OK  [0m] Started Accounts Service.

Ubuntu 16.04.2 LTS ubuntu-xenial ttyS0

ubuntu-xenial login: [   49.024411] cloud-init[1097]:   en_US.UTF-8... done
[   49.028014] cloud-init[1097]: Generation complete.
[   53.387440] cloud-init[1097]: Cloud-init v. 0.7.9 running 'modules:config' at Mon, 07 Aug 2017 16:53:19 +0000. Up 40.18 seconds.
ci-info: no authorized ssh keys fingerprints found for user ubuntu.
<14>Aug  7 16:53:34 ec2: 
<14>Aug  7 16:53:34 ec2: #############################################################
<14>Aug  7 16:53:34 ec2: -----BEGIN SSH HOST KEY FINGERPRINTS-----
<14>Aug  7 16:53:34 ec2: 1024 SHA256:P+CBWGUKpiFX4QLnrL4h3V77CrKvoezcOk2QrhbUEzg root@ubuntu-xenial (DSA)
<14>Aug  7 16:53:34 ec2: 256 SHA256:CBgcgXP+l9QsdyNTEdZwRe23SqZG0InW0SqXFfIc9KI root@ubuntu-xenial (ECDSA)
<14>Aug  7 16:53:34 ec2: 256 SHA256:gJlZ8R8eeZgVU3M/Ej+kh1pKd4JYx2BuJ7+kgUJunQw root@ubuntu-xenial (ED25519)
<14>Aug  7 16:53:34 ec2: 2048 SHA256:AxDteL1Z1vJL2M0QJPYyOMcJnYmRd1gVWN71SMO8gQQ root@ubuntu-xenial (RSA)
<14>Aug  7 16:53:34 ec2: -----END SSH HOST KEY FINGERPRINTS-----
<14>Aug  7 16:53:34 ec2: #############################################################
-----BEGIN SSH HOST KEY KEYS-----
ecdsa-sha2-nistp256 AAAAE2VjZHNhLXNoYTItbmlzdHAyNTYAAAAIbmlzdHAyNTYAAABBBGwSgnAmiI/XMzYDkTfMJgudAcfiycYMBkIbIfnb4SfnraGNxBGCYit6tLQO1L7HhKk+tMowbsAETXMuCP8kwk8= root@ubuntu-xenial
ssh-ed25519 AAAAC3NzaC1lZDI1NTE5AAAAIKM/8bcdTyi96YLtLhwBuJx8e56VCVhAaCJXLqADZDdh root@ubuntu-xenial
ssh-rsa AAAAB3NzaC1yc2EAAAADAQABAAABAQDnpPP9CrcmhlYFZcKSIGra7HQmOQY5Yjoo68ygGkj3bX3fNWoaCWh/AZOFZt84psX1oxnTfM8cuaZtXxBvmPieZrAv8LEky6uLtyMkVOaMuSWoZbyXlTbx7xmr5po/UGssJq70SxPOwSvPN3q9VSHn8sNQIrKvsQG0uPe9xGZSEDWxadw1hAvnUdalQHQT4YqNArr7mLp0XlFJVNB7G4z2ZZ55EXS+lmOk538hE3shsh8J+V7GAMyxxJvxyYbEGgvGL2MfD343Ygtr1sG6WgDCyHQ7eA2hL0RkgudUTSg8wuxETp3llOAuLFNtCAsSxBnIeO+uQRAEsikPxbPNndqz root@ubuntu-xenial
-----END SSH HOST KEY KEYS-----
[   55.027668] cloud-init[1372]: Cloud-init v. 0.7.9 running 'modules:final' at Mon, 07 Aug 2017 16:53:34 +0000. Up 54.30 seconds.
[   55.028148] cloud-init[1372]: ci-info: no authorized ssh keys fingerprints found for user ubuntu.
[   55.028453] cloud-init[1372]: Cloud-init v. 0.7.9 finished at Mon, 07 Aug 2017 16:53:34 +0000. Datasource DataSourceNoCloud [seed=/dev/sdb][dsmode=net].  Up 54.99 seconds
[ 1273.696897] Out of memory: Kill process 30434 (php7.1) score 487 or sacrifice child
[ 1273.713934] Killed process 30434 (php7.1) total-vm:592972kB, anon-rss:248420kB, file-rss:1748kB
